<?xml version="1.0" encoding="UTF-8"?>
<robot generator="Robot 6.0.2 (Python 3.11.2 on win32)" generated="20230411 17:45:39.668" rpa="false" schemaversion="3">
<suite id="s1" name="testDemo7" source="C:\Users\vhnam\PycharmProjects\RobotFramework\tests\testDemo7.robot">
<test id="s1-t1" name="Play around with dictionaries" line="13">
<kw name="Create Dictionary" library="BuiltIn">
<var>&amp;{data}</var>
<arg>name=nam</arg>
<arg>course=robot</arg>
<arg>website=google.com</arg>
<doc>Creates and returns a dictionary based on the given ``items``.</doc>
<msg timestamp="20230411 17:45:39.780" level="INFO">&amp;{data} = { name=nam | course=robot | website=google.com }</msg>
<status status="PASS" starttime="20230411 17:45:39.779" endtime="20230411 17:45:39.780"/>
</kw>
<kw name="Log" library="BuiltIn">
<arg>${data}</arg>
<doc>Logs the given message with the given level.</doc>
<msg timestamp="20230411 17:45:39.780" level="INFO">{'name': 'nam', 'course': 'robot', 'website': 'google.com'}</msg>
<status status="PASS" starttime="20230411 17:45:39.780" endtime="20230411 17:45:39.780"/>
</kw>
<kw name="Dictionary Should Contain Key" library="Collections">
<arg>${data}</arg>
<arg>name</arg>
<doc>Fails if ``key`` is not found from ``dictionary``.</doc>
<status status="PASS" starttime="20230411 17:45:39.781" endtime="20230411 17:45:39.781"/>
</kw>
<kw name="Log" library="BuiltIn">
<arg>${data}[name]</arg>
<doc>Logs the given message with the given level.</doc>
<msg timestamp="20230411 17:45:39.781" level="INFO">nam</msg>
<status status="PASS" starttime="20230411 17:45:39.781" endtime="20230411 17:45:39.781"/>
</kw>
<kw name="Get From Dictionary" library="Collections">
<var>${url}</var>
<arg>${data}</arg>
<arg>website</arg>
<doc>Returns a value from the given ``dictionary`` based on the given ``key``.</doc>
<msg timestamp="20230411 17:45:39.782" level="INFO">${url} = google.com</msg>
<status status="PASS" starttime="20230411 17:45:39.782" endtime="20230411 17:45:39.782"/>
</kw>
<kw name="Log" library="BuiltIn">
<arg>${url}</arg>
<doc>Logs the given message with the given level.</doc>
<msg timestamp="20230411 17:45:39.783" level="INFO">google.com</msg>
<status status="PASS" starttime="20230411 17:45:39.783" endtime="20230411 17:45:39.783"/>
</kw>
<status status="PASS" starttime="20230411 17:45:39.779" endtime="20230411 17:45:39.784"/>
</test>
<test id="s1-t2" name="Add book into library db" line="21">
<kw name="Create Dictionary" library="BuiltIn">
<var>&amp;{req_body}</var>
<arg>name=${book_name}</arg>
<arg>isbn=972212</arg>
<arg>aisle=324446</arg>
<arg>author=nam</arg>
<doc>Creates and returns a dictionary based on the given ``items``.</doc>
<msg timestamp="20230411 17:45:39.785" level="INFO">&amp;{req_body} = { name=NewBook | isbn=972212 | aisle=324446 | author=nam }</msg>
<status status="PASS" starttime="20230411 17:45:39.784" endtime="20230411 17:45:39.785"/>
</kw>
<kw name="POST" library="RequestsLibrary">
<var>${response}</var>
<arg>${base_url}/Library/Addbook.php</arg>
<arg>json=${req_body}</arg>
<arg>expected_status=200</arg>
<doc>Sends a POST request.</doc>
<msg timestamp="20230411 17:45:40.104" level="INFO">POST Request : url=https://rahulshettyacademy.com/Library/Addbook.php 
 path_url=/Library/Addbook.php 
 headers={'User-Agent': 'python-requests/2.28.2', 'Accept-Encoding': 'gzip, deflate', 'Accept': '*/*', 'Connection': 'keep-alive', 'Content-Length': '73', 'Content-Type': 'application/json'} 
 body=b'{"name": "NewBook", "isbn": "972212", "aisle": "324446", "author": "nam"}' 
 </msg>
<msg timestamp="20230411 17:45:40.104" level="INFO">POST Response : url=https://rahulshettyacademy.com/Library/Addbook.php 
 status=200, reason=OK 
 headers={'Date': 'Tue, 11 Apr 2023 10:45:40 GMT', 'Server': 'Apache/2.4.41 (Ubuntu)', 'Access-Control-Allow-Origin': '*', 'Access-Control-Allow-Methods': 'POST', 'Access-Control-Max-Age': '3600', 'Access-Control-Allow-Headers': 'Content-Type, Access-Control-Allow-Headers, Authorization, X-Requested-With', 'Content-Length': '48', 'Keep-Alive': 'timeout=5, max=100', 'Connection': 'Keep-Alive', 'Content-Type': 'application/json;charset=UTF-8'} 
 body={"Msg":"successfully added","ID":"972212324446"} 
 </msg>
<msg timestamp="20230411 17:45:40.105" level="INFO">${response} = &lt;Response [200]&gt;</msg>
<status status="PASS" starttime="20230411 17:45:39.786" endtime="20230411 17:45:40.105"/>
</kw>
<kw name="Log" library="BuiltIn">
<arg>${response.json()}</arg>
<doc>Logs the given message with the given level.</doc>
<msg timestamp="20230411 17:45:40.107" level="INFO">{'Msg': 'successfully added', 'ID': '972212324446'}</msg>
<status status="PASS" starttime="20230411 17:45:40.105" endtime="20230411 17:45:40.107"/>
</kw>
<kw name="Dictionary Should Contain Key" library="Collections">
<arg>${response.json()}</arg>
<arg>ID</arg>
<doc>Fails if ``key`` is not found from ``dictionary``.</doc>
<status status="PASS" starttime="20230411 17:45:40.107" endtime="20230411 17:45:40.108"/>
</kw>
<kw name="Get From Dictionary" library="Collections">
<var>${book_id}</var>
<arg>${response.json()}</arg>
<arg>ID</arg>
<doc>Returns a value from the given ``dictionary`` based on the given ``key``.</doc>
<msg timestamp="20230411 17:45:40.110" level="INFO">${book_id} = 972212324446</msg>
<status status="PASS" starttime="20230411 17:45:40.109" endtime="20230411 17:45:40.110"/>
</kw>
<kw name="Set Global Variable" library="BuiltIn">
<arg>${book_id}</arg>
<doc>Makes a variable available globally in all tests and suites.</doc>
<msg timestamp="20230411 17:45:40.111" level="INFO">${book_id} = 972212324446</msg>
<status status="PASS" starttime="20230411 17:45:40.111" endtime="20230411 17:45:40.111"/>
</kw>
<kw name="Log" library="BuiltIn">
<arg>${book_id}</arg>
<doc>Logs the given message with the given level.</doc>
<msg timestamp="20230411 17:45:40.112" level="INFO">972212324446</msg>
<status status="PASS" starttime="20230411 17:45:40.112" endtime="20230411 17:45:40.112"/>
</kw>
<kw name="Should Be Equal As Strings" library="BuiltIn">
<arg>successfully added</arg>
<arg>${response.json()}[Msg]</arg>
<doc>Fails if objects are unequal after converting them to strings.</doc>
<status status="PASS" starttime="20230411 17:45:40.113" endtime="20230411 17:45:40.114"/>
</kw>
<kw name="Status Should Be" library="RequestsLibrary">
<arg>200</arg>
<arg>${response}</arg>
<doc>Fails if response status code is different than the expected.</doc>
<status status="PASS" starttime="20230411 17:45:40.115" endtime="20230411 17:45:40.115"/>
</kw>
<status status="PASS" starttime="20230411 17:45:39.784" endtime="20230411 17:45:40.116"/>
</test>
<test id="s1-t3" name="Get book detail" line="32">
<kw name="POST" library="RequestsLibrary">
<var>${get_response}</var>
<arg>${base_url}/Library/GetBook.php</arg>
<arg>params=ID=${book_id}</arg>
<arg>expected_status=200</arg>
<doc>Sends a POST request.</doc>
<msg timestamp="20230411 17:45:40.402" level="INFO">POST Request : url=https://rahulshettyacademy.com/Library/GetBook.php?ID=972212324446 
 path_url=/Library/GetBook.php?ID=972212324446 
 headers={'User-Agent': 'python-requests/2.28.2', 'Accept-Encoding': 'gzip, deflate', 'Accept': '*/*', 'Connection': 'keep-alive', 'Content-Length': '0'} 
 body=None 
 </msg>
<msg timestamp="20230411 17:45:40.403" level="INFO">POST Response : url=https://rahulshettyacademy.com/Library/GetBook.php?ID=972212324446 
 status=200, reason=OK 
 headers={'Date': 'Tue, 11 Apr 2023 10:45:40 GMT', 'Server': 'Apache/2.4.41 (Ubuntu)', 'Access-Control-Allow-Origin': '*', 'Access-Control-Allow-Methods': 'POST', 'Access-Control-Max-Age': '3600', 'Access-Control-Allow-Headers': 'Content-Type, Access-Control-Allow-Headers, Authorization, X-Requested-With', 'Content-Length': '73', 'Keep-Alive': 'timeout=5, max=100', 'Connection': 'Keep-Alive', 'Content-Type': 'application/json;charset=UTF-8'} 
 body=[{"book_name":"NewBook","isbn":"972212","aisle":"324446","author":"nam"}] 
 </msg>
<msg timestamp="20230411 17:45:40.403" level="INFO">${get_response} = &lt;Response [200]&gt;</msg>
<status status="PASS" starttime="20230411 17:45:40.119" endtime="20230411 17:45:40.403"/>
</kw>
<kw name="Log" library="BuiltIn">
<arg>${get_response.json()}</arg>
<doc>Logs the given message with the given level.</doc>
<msg timestamp="20230411 17:45:40.405" level="INFO">[{'book_name': 'NewBook', 'isbn': '972212', 'aisle': '324446', 'author': 'nam'}]</msg>
<status status="PASS" starttime="20230411 17:45:40.404" endtime="20230411 17:45:40.405"/>
</kw>
<kw name="Should Be Equal As Strings" library="BuiltIn">
<arg>${book_name}</arg>
<arg>${get_response.json()}[0][book_name]</arg>
<doc>Fails if objects are unequal after converting them to strings.</doc>
<status status="PASS" starttime="20230411 17:45:40.406" endtime="20230411 17:45:40.408"/>
</kw>
<status status="PASS" starttime="20230411 17:45:40.118" endtime="20230411 17:45:40.410"/>
</test>
<test id="s1-t4" name="Delete book" line="37">
<kw name="Create Dictionary" library="BuiltIn">
<var>${delete_req}</var>
<arg>ID=${book_ID}</arg>
<doc>Creates and returns a dictionary based on the given ``items``.</doc>
<msg timestamp="20230411 17:45:40.414" level="INFO">${delete_req} = {'ID': '972212324446'}</msg>
<status status="PASS" starttime="20230411 17:45:40.413" endtime="20230411 17:45:40.414"/>
</kw>
<kw name="POST" library="RequestsLibrary">
<var>${delete_resp}</var>
<arg>${base_url}/Library/DeleteBook.php</arg>
<arg>json=${delete_req}</arg>
<arg>expected_status=200</arg>
<doc>Sends a POST request.</doc>
<msg timestamp="20230411 17:45:40.697" level="INFO">POST Request : url=https://rahulshettyacademy.com/Library/DeleteBook.php 
 path_url=/Library/DeleteBook.php 
 headers={'User-Agent': 'python-requests/2.28.2', 'Accept-Encoding': 'gzip, deflate', 'Accept': '*/*', 'Connection': 'keep-alive', 'Content-Length': '22', 'Content-Type': 'application/json'} 
 body=b'{"ID": "972212324446"}' 
 </msg>
<msg timestamp="20230411 17:45:40.697" level="INFO">POST Response : url=https://rahulshettyacademy.com/Library/DeleteBook.php 
 status=200, reason=OK 
 headers={'Date': 'Tue, 11 Apr 2023 10:45:40 GMT', 'Server': 'Apache/2.4.41 (Ubuntu)', 'Access-Control-Allow-Origin': '*', 'Access-Control-Allow-Methods': 'POST', 'Access-Control-Max-Age': '3600', 'Access-Control-Allow-Headers': 'Content-Type, Access-Control-Allow-Headers, Authorization, X-Requested-With', 'Content-Length': '38', 'Keep-Alive': 'timeout=5, max=100', 'Connection': 'Keep-Alive', 'Content-Type': 'application/json;charset=UTF-8'} 
 body={"msg":"book is successfully deleted"} 
 </msg>
<msg timestamp="20230411 17:45:40.697" level="INFO">${delete_resp} = &lt;Response [200]&gt;</msg>
<status status="PASS" starttime="20230411 17:45:40.414" endtime="20230411 17:45:40.697"/>
</kw>
<kw name="Log" library="BuiltIn">
<arg>${delete_resp.json()}</arg>
<doc>Logs the given message with the given level.</doc>
<msg timestamp="20230411 17:45:40.698" level="INFO">{'msg': 'book is successfully deleted'}</msg>
<status status="PASS" starttime="20230411 17:45:40.697" endtime="20230411 17:45:40.698"/>
</kw>
<kw name="Should Be Equal As Strings" library="BuiltIn">
<arg>book is successfully deleted</arg>
<arg>${delete_resp.json()}[msg]</arg>
<doc>Fails if objects are unequal after converting them to strings.</doc>
<status status="PASS" starttime="20230411 17:45:40.699" endtime="20230411 17:45:40.699"/>
</kw>
<status status="PASS" starttime="20230411 17:45:40.412" endtime="20230411 17:45:40.700"/>
</test>
<status status="PASS" starttime="20230411 17:45:39.670" endtime="20230411 17:45:40.702"/>
</suite>
<statistics>
<total>
<stat pass="4" fail="0" skip="0">All Tests</stat>
</total>
<tag>
</tag>
<suite>
<stat pass="4" fail="0" skip="0" id="s1" name="testDemo7">testDemo7</stat>
</suite>
</statistics>
<errors>
</errors>
</robot>
